r-web - 2014-11-06 10:48:33 - 1033 [main] DEBUG com.r.web.component.messagecenter.context.MessageCenterFactory - 开始进行消息中心的配置..........
r-web - 2014-11-06 10:48:33 - 1126 [main] DEBUG com.r.web.component.messagecenter.context.htsms.MessageParserHTSMS - MessageParserHTSMS.send();
r-web - 2014-11-06 10:51:28 - 916  [main] DEBUG com.r.web.component.messagecenter.context.MessageCenterFactory - 开始进行消息中心的配置..........
r-web - 2014-11-06 10:51:28 - 983  [main] DEBUG com.r.web.component.messagecenter.context.htsms.MessageParserHTSMS - MessageParserHTSMS.send();
r-web - 2014-11-06 10:51:28 - 1293 [main] INFO  com.r.web.component.messagecenter.context.htsms.MessageParserHTSMS - send [HTSMS] message : 0

r-web - 2014-11-06 10:51:43 - 342  [main] DEBUG com.r.web.component.messagecenter.context.MessageCenterFactory - 开始进行消息中心的配置..........
r-web - 2014-11-06 10:51:43 - 414  [main] DEBUG com.r.web.component.messagecenter.context.htsms.MessageParserHTSMS - MessageParserHTSMS.send();
r-web - 2014-11-06 10:51:43 - 754  [main] INFO  com.r.web.component.messagecenter.context.htsms.MessageParserHTSMS - send [HTSMS] message : 0

r-web - 2014-11-06 10:51:52 - 324  [main] DEBUG com.r.web.component.messagecenter.context.MessageCenterFactory - 开始进行消息中心的配置..........
r-web - 2014-11-06 10:51:52 - 398  [main] DEBUG com.r.web.component.messagecenter.context.htsms.MessageParserHTSMS - MessageParserHTSMS.send();
r-web - 2014-11-06 10:51:52 - 820  [main] INFO  com.r.web.component.messagecenter.context.htsms.MessageParserHTSMS - send [HTSMS] message : 0

r-web - 2014-11-06 10:52:14 - 341  [main] DEBUG com.r.web.component.messagecenter.context.MessageCenterFactory - 开始进行消息中心的配置..........
r-web - 2014-11-06 10:52:14 - 421  [main] DEBUG com.r.web.component.messagecenter.context.htsms.MessageParserHTSMS - MessageParserHTSMS.send();
r-web - 2014-11-06 11:03:38 - 913  [main] DEBUG com.r.web.component.messagecenter.context.MessageCenterFactory - 开始进行消息中心的配置..........
r-web - 2014-11-06 11:03:38 - 984  [main] DEBUG com.r.web.component.messagecenter.context.htsms.MessageParserHTSMS - MessageParserHTSMS.send();
r-web - 2014-11-06 11:08:30 - 902  [main] DEBUG com.r.web.component.messagecenter.context.MessageCenterFactory - 开始进行消息中心的配置..........
r-web - 2014-11-06 11:08:30 - 975  [main] DEBUG com.r.web.component.messagecenter.context.htsms.MessageParserHTSMS - MessageParserHTSMS.send();
r-web - 2014-11-06 11:09:12 - 332  [main] DEBUG com.r.web.component.messagecenter.context.MessageCenterFactory - 开始进行消息中心的配置..........
r-web - 2014-11-06 11:09:12 - 407  [main] DEBUG com.r.web.component.messagecenter.context.htsms.MessageParserHTSMS - MessageParserHTSMS.send();
r-web - 2014-11-06 11:09:12 - 3161 [main] INFO  com.r.web.component.messagecenter.context.htsms.MessageParserHTSMS - send [HTSMS] message : 0
r-web - 2014-11-06 11:09:58 - 360  [main] DEBUG com.r.web.component.messagecenter.context.MessageCenterFactory - 开始进行消息中心的配置..........
r-web - 2014-11-06 11:09:58 - 432  [main] DEBUG com.r.web.component.messagecenter.context.htsms.MessageParserHTSMS - MessageParserHTSMS.send();
r-web - 2014-11-06 11:09:58 - 4325 [main] INFO  com.r.web.component.messagecenter.context.htsms.MessageParserHTSMS - send [HTSMS] message : 0
